<?xml version="1.0" encoding="UTF-8"?>
<robot generator="Robot 5.0.1 (Python 3.9.13 on darwin)" generated="20230320 14:01:02.521" rpa="false" schemaversion="3">
<suite id="s1" name="Tasks2" source="/Users/jeong-seungyeon/codes/robocorp-RPA/tasks2.robot">
<test id="s1-t1" name="Example Test Case" line="12">
<kw name="Open Available Browser" library="RPA.Browser.Selenium">
<arg>${url}</arg>
<arg>chrome</arg>
<doc>Attempts to open a browser on the user's device from a set of
supported browsers. Automatically downloads a corresponding webdriver
if none is already installed.</doc>
<msg timestamp="20230320 14:01:03.662" level="INFO">Creating an instance of the Chrome WebDriver.</msg>
<msg timestamp="20230320 14:01:09.607" level="INFO">Created Chrome browser with arguments: --disable-dev-shm-usage --disable-web-security --allow-running-insecure-content --no-sandbox</msg>
<msg timestamp="20230320 14:01:09.608" level="INFO" html="true">&lt;p&gt;Attempted combinations:&lt;/p&gt;&lt;div class="doc"&gt;&lt;table&gt;&lt;tr&gt;&lt;th&gt;Browser&lt;/th&gt;&lt;th&gt;Download&lt;/th&gt;&lt;th&gt;Error&lt;/th&gt;&lt;/tr&gt;&lt;tr&gt;&lt;td&gt;Chrome&lt;/td&gt;&lt;td&gt;False&lt;/td&gt;&lt;td&gt;&lt;/td&gt;&lt;/tr&gt;&lt;/table&gt;&lt;/div&gt;</msg>
<msg timestamp="20230320 14:01:09.609" level="INFO">Opening url 'https://www.google.com/'</msg>
<status status="PASS" starttime="20230320 14:01:03.658" endtime="20230320 14:01:17.066"/>
</kw>
<kw name="Is Element Enabled" library="RPA.Browser.Selenium">
<arg>${search_box_locator}</arg>
<doc>Is element enabled</doc>
<msg timestamp="20230320 14:01:17.156" level="INFO" html="true">Ran with keyword &lt;b&gt;Element Should Be Enabled&lt;/b&gt; which returned error: &lt;i&gt;Element with locator 'css=[name=prefix-icon]' not found.&lt;/i&gt;</msg>
<status status="PASS" starttime="20230320 14:01:17.070" endtime="20230320 14:01:17.156"/>
</kw>
<status status="PASS" starttime="20230320 14:01:03.654" endtime="20230320 14:01:17.158"/>
</test>
<test id="s1-t2" name="Is Element Enabled css=[name=prefix-icon]" line="27">
<status status="FAIL" starttime="20230320 14:01:17.162" endtime="20230320 14:01:17.169">Test contains no keywords.</status>
</test>
<status status="FAIL" starttime="20230320 14:01:02.532" endtime="20230320 14:01:17.172"/>
</suite>
<statistics>
<total>
<stat pass="1" fail="1" skip="0">All Tests</stat>
</total>
<tag>
</tag>
<suite>
<stat pass="1" fail="1" skip="0" id="s1" name="Tasks2">Tasks2</stat>
</suite>
</statistics>
<errors>
</errors>
</robot>
