<?xml version="1.0" encoding="UTF-8"?>
<robot generator="Robot 5.0.1 (Python 3.9.13 on darwin)" generated="20230321 13:09:07.239" rpa="false" schemaversion="3">
<suite id="s1" name="Task4" source="/Users/jeong-seungyeon/codes/robocorp-RPA/task4.robot">
<test id="s1-t1" name="Click Element At Coordinates Test" line="8">
<kw name="Open Browser" library="SeleniumLibrary">
<arg>https://www.google.com</arg>
<arg>chrome</arg>
<doc>Opens a new browser instance to the optional ``url``.</doc>
<msg timestamp="20230321 13:09:08.037" level="INFO">Opening browser 'chrome' to base url 'https://www.google.com'.</msg>
<status status="PASS" starttime="20230321 13:09:08.033" endtime="20230321 13:09:22.862"/>
</kw>
<kw name="Mouse Down On Image" library="SeleniumLibrary">
<arg>class=lnXdpd</arg>
<doc>Simulates a mouse down event on an image identified by ``locator``.</doc>
<status status="PASS" starttime="20230321 13:09:22.866" endtime="20230321 13:09:23.409"/>
</kw>
<kw name="Mouse Out" library="SeleniumLibrary">
<arg>class=lnXdpd</arg>
<doc>Simulates moving the mouse away from the element ``locator``.</doc>
<msg timestamp="20230321 13:09:23.412" level="INFO">Simulating Mouse Out on element 'class=lnXdpd'.</msg>
<status status="PASS" starttime="20230321 13:09:23.410" endtime="20230321 13:09:23.981"/>
</kw>
<kw name="Mouse Over" library="SeleniumLibrary">
<arg>class=lnXdpd</arg>
<doc>Simulates hovering the mouse over the element ``locator``.</doc>
<msg timestamp="20230321 13:09:23.984" level="INFO">Simulating Mouse Over on element 'class=lnXdpd'.</msg>
<status status="PASS" starttime="20230321 13:09:23.982" endtime="20230321 13:09:24.256"/>
</kw>
<kw name="Mouse Up" library="SeleniumLibrary">
<arg>class=lnXdpd</arg>
<doc>Simulates releasing the left mouse button on the element ``locator``.</doc>
<msg timestamp="20230321 13:09:24.260" level="INFO">Simulating Mouse Up on element 'class=lnXdpd'.</msg>
<status status="PASS" starttime="20230321 13:09:24.258" endtime="20230321 13:09:24.546"/>
</kw>
<kw name="Input Text" library="SeleniumLibrary">
<arg>xpath=//input[@name='q']</arg>
<arg>robot framework</arg>
<doc>Types the given ``text`` into the text field identified by ``locator``.</doc>
<msg timestamp="20230321 13:09:24.549" level="INFO">Typing text 'robot framework' into text field 'xpath=//input[@name='q']'.</msg>
<status status="PASS" starttime="20230321 13:09:24.547" endtime="20230321 13:09:25.698"/>
</kw>
<kw name="Maximize Browser Window" library="SeleniumLibrary">
<doc>Maximizes current browser window.</doc>
<status status="PASS" starttime="20230321 13:09:25.700" endtime="20230321 13:09:26.303"/>
</kw>
<kw name="Get WebElement" library="SeleniumLibrary">
<var>${search_button}</var>
<arg>xpath=//input[@name='btnK']</arg>
<doc>Returns the first WebElement matching the given ``locator``.</doc>
<msg timestamp="20230321 13:09:26.367" level="INFO">${search_button} = &lt;selenium.webdriver.remote.webelement.WebElement (session="30ca139fde91eac7fdf4f418fbf2f7cd", element="61a88a65-fe1a-46ec-b6b8-a250482eec3a")&gt;</msg>
<status status="PASS" starttime="20230321 13:09:26.305" endtime="20230321 13:09:26.367"/>
</kw>
<kw name="Mouse Down" library="SeleniumLibrary">
<arg>${search_button}</arg>
<doc>Simulates pressing the left mouse button on the element ``locator``.</doc>
<msg timestamp="20230321 13:09:26.371" level="INFO">Simulating Mouse Down on element '&lt;selenium.webdriver.remote.webelement.WebElement (session="30ca139fde91eac7fdf4f418fbf2f7cd", element="61a88a65-fe1a-46ec-b6b8-a250482eec3a")&gt;'.</msg>
<status status="PASS" starttime="20230321 13:09:26.369" endtime="20230321 13:09:26.657"/>
</kw>
<kw name="Get WebElement" library="SeleniumLibrary">
<var>${element}</var>
<arg>//input[@name='q']</arg>
<doc>Returns the first WebElement matching the given ``locator``.</doc>
<msg timestamp="20230321 13:09:26.669" level="INFO">${element} = &lt;selenium.webdriver.remote.webelement.WebElement (session="30ca139fde91eac7fdf4f418fbf2f7cd", element="a1d46932-e751-4ac7-82e8-83389e9ae66d")&gt;</msg>
<status status="PASS" starttime="20230321 13:09:26.660" endtime="20230321 13:09:26.670"/>
</kw>
<kw name="Get WebElements" library="SeleniumLibrary">
<var>${location}</var>
<arg>${element}</arg>
<doc>Returns a list of WebElement objects matching the ``locator``.</doc>
<msg timestamp="20230321 13:09:26.673" level="INFO">${location} = &lt;selenium.webdriver.remote.webelement.WebElement (session="30ca139fde91eac7fdf4f418fbf2f7cd", element="a1d46932-e751-4ac7-82e8-83389e9ae66d")&gt;</msg>
<status status="PASS" starttime="20230321 13:09:26.671" endtime="20230321 13:09:26.674"/>
</kw>
<kw name="Click Element At Coordinates" library="SeleniumLibrary">
<arg>${element}</arg>
<arg>100</arg>
<arg>100</arg>
<doc>Click the element ``locator`` at ``xoffset/yoffset``.</doc>
<msg timestamp="20230321 13:09:26.678" level="INFO">Clicking element '&lt;selenium.webdriver.remote.webelement.WebElement (session="30ca139fde91eac7fdf4f418fbf2f7cd", element="a1d46932-e751-4ac7-82e8-83389e9ae66d")&gt;' at coordinates x=100, y=100.</msg>
<status status="PASS" starttime="20230321 13:09:26.675" endtime="20230321 13:09:34.125"/>
</kw>
<kw name="Switch Browser" library="SeleniumLibrary">
<arg>1</arg>
<doc>Switches between active browsers using ``index_or_alias``.</doc>
<status status="PASS" starttime="20230321 13:09:34.127" endtime="20230321 13:09:34.129"/>
</kw>
<kw name="Mouse Down" library="SeleniumLibrary">
<arg>id=logo</arg>
<doc>Simulates pressing the left mouse button on the element ``locator``.</doc>
<msg timestamp="20230321 13:09:34.133" level="INFO">Simulating Mouse Down on element 'id=logo'.</msg>
<status status="PASS" starttime="20230321 13:09:34.131" endtime="20230321 13:09:34.418"/>
</kw>
<kw name="Close Browser" library="SeleniumLibrary">
<doc>Closes the current browser.</doc>
<status status="PASS" starttime="20230321 13:09:34.419" endtime="20230321 13:09:34.524"/>
</kw>
<status status="PASS" starttime="20230321 13:09:08.027" endtime="20230321 13:09:34.527"/>
</test>
<status status="PASS" starttime="20230321 13:09:07.252" endtime="20230321 13:09:34.536"/>
</suite>
<statistics>
<total>
<stat pass="1" fail="0" skip="0">All Tests</stat>
</total>
<tag>
</tag>
<suite>
<stat pass="1" fail="0" skip="0" id="s1" name="Task4">Task4</stat>
</suite>
</statistics>
<errors>
</errors>
</robot>
